2024-12-29 20:30:19,654 - INFO - Log file created at: C:\Users\conta\KinOS_missions\terminal_velocity\final_text\act3\AI_Assistant.log
2024-12-29 20:30:19,690 - DEBUG - CoInitializeEx(None, 2)
2024-12-29 20:30:19,717 - INFO - Imported existing <module 'comtypes.gen' from 'C:\\Python312\\Lib\\site-packages\\comtypes\\gen\\__init__.py'>
2024-12-29 20:30:19,717 - INFO - Using writeable comtypes cache directory: 'C:\Python312\Lib\site-packages\comtypes\gen'
2024-12-29 20:30:19,766 - DEBUG - SAPI.SPVoice -> {96749377-3391-11D2-9EE3-00C04F797396}
2024-12-29 20:30:19,766 - DEBUG - CoCreateInstance({96749377-3391-11D2-9EE3-00C04F797396}, clsctx=None, interface=None)
2024-12-29 20:30:19,773 - DEBUG - GetBestInterface(<POINTER(IUnknown) ptr=0x19a71fdd600 at 19a254a8550>)
2024-12-29 20:30:19,774 - DEBUG - Does implement IProvideClassInfo
2024-12-29 20:30:19,776 - DEBUG - Default interface is {269316D8-57BD-11D2-9EEE-00C04F797396}
2024-12-29 20:30:19,776 - DEBUG - Release <POINTER(IUnknown) ptr=0x19a71fdd640 at 19a254a89d0>
2024-12-29 20:30:19,778 - DEBUG - GetModule(TLIBATTR(GUID={C866CA3A-32F7-11D2-9602-00C04F8EE628}, Version=5.4, LCID=0, FLags=0x8))
2024-12-29 20:30:19,778 - DEBUG - Implements default interface from typeinfo <class 'comtypes.gen._C866CA3A_32F7_11D2_9602_00C04F8EE628_0_5_4.ISpeechVoice'>
2024-12-29 20:30:19,778 - DEBUG - Final result is <POINTER(ISpeechVoice) ptr=0x19a71fdd640 at 19a254a88d0>
2024-12-29 20:30:19,778 - DEBUG - Release <POINTER(IProvideClassInfo) ptr=0x19a71fdd660 at 19a254a85d0>
2024-12-29 20:30:19,778 - DEBUG - Release <POINTER(ITypeInfo) ptr=0x19a243645b8 at 19a254a8650>
2024-12-29 20:30:19,778 - DEBUG - Release <POINTER(ITypeInfo) ptr=0x19a24364610 at 19a254a8750>
2024-12-29 20:30:19,778 - DEBUG - Release <POINTER(ITypeLib) ptr=0x19a24184c60 at 19a254a89d0>
2024-12-29 20:30:19,778 - DEBUG - Release <POINTER(IUnknown) ptr=0x19a71fdd600 at 19a254a8550>
2024-12-29 20:30:19,779 - DEBUG - <POINTER(ISpeechVoice) ptr=0x19a71fdd640 at 19a254a88d0> using sinkinterface from clsid <class 'comtypes.gen._C866CA3A_32F7_11D2_9602_00C04F8EE628_0_5_4._ISpeechVoiceEvents'>
2024-12-29 20:30:19,779 - DEBUG - Release <POINTER(IProvideClassInfo2) ptr=0x19a71fdd660 at 19a254a8550>
2024-12-29 20:30:19,780 - DEBUG - <comtypes.client._events.CreateEventReceiver.<locals>.Sink object at 0x0000019A253017F0>: _ISpeechVoiceEvents.VoiceChange not implemented
2024-12-29 20:30:19,780 - DEBUG - <comtypes.client._events.CreateEventReceiver.<locals>.Sink object at 0x0000019A253017F0>: _ISpeechVoiceEvents.Bookmark not implemented
2024-12-29 20:30:19,780 - DEBUG - <comtypes.client._events.CreateEventReceiver.<locals>.Sink object at 0x0000019A253017F0>: _ISpeechVoiceEvents.Word not implemented
2024-12-29 20:30:19,780 - DEBUG - <comtypes.client._events.CreateEventReceiver.<locals>.Sink object at 0x0000019A253017F0>: _ISpeechVoiceEvents.Sentence not implemented
2024-12-29 20:30:19,780 - DEBUG - <comtypes.client._events.CreateEventReceiver.<locals>.Sink object at 0x0000019A253017F0>: _ISpeechVoiceEvents.Phoneme not implemented
2024-12-29 20:30:19,781 - DEBUG - <comtypes.client._events.CreateEventReceiver.<locals>.Sink object at 0x0000019A253017F0>: _ISpeechVoiceEvents.Viseme not implemented
2024-12-29 20:30:19,781 - DEBUG - <comtypes.client._events.CreateEventReceiver.<locals>.Sink object at 0x0000019A253017F0>: _ISpeechVoiceEvents.AudioLevel not implemented
2024-12-29 20:30:19,781 - DEBUG - <comtypes.client._events.CreateEventReceiver.<locals>.Sink object at 0x0000019A253017F0>: _ISpeechVoiceEvents.EnginePrivate not implemented
2024-12-29 20:30:19,781 - DEBUG - Start advise <class 'comtypes.gen._C866CA3A_32F7_11D2_9602_00C04F8EE628_0_5_4._ISpeechVoiceEvents'>
2024-12-29 20:30:19,781 - DEBUG - <comtypes.client._events.CreateEventReceiver.<locals>.Sink object at 0x0000019A253017F0>.QueryInterface({A372ACD1-3BEF-4BBD-8FFB-CB3E2B416AF8}) -> S_OK
2024-12-29 20:30:19,782 - DEBUG - 1 active COM objects: Added   <comtypes.client._events.CreateEventReceiver.<locals>.Sink object at 0x0000019A253017F0>
2024-12-29 20:30:19,782 - DEBUG - <comtypes.client._events.CreateEventReceiver.<locals>.Sink object at 0x0000019A253017F0>.AddRef() -> 1
2024-12-29 20:30:19,785 - DEBUG - Release <POINTER(IConnectionPointContainer) ptr=0x19a71fdd668 at 19a254a9c50>
2024-12-29 20:30:19,871 - DEBUG - wrap_outparam(<POINTER(ISpeechObjectToken) ptr=0x19a71fde2a0 at 19a254a9c50>)
2024-12-29 20:30:19,872 - DEBUG - Release <POINTER(ISpeechObjectToken) ptr=0x19a71fde2a0 at 19a254a9c50>
2024-12-29 20:30:19,872 - DEBUG - wrap_outparam(<POINTER(ISpeechObjectTokens) ptr=0x19a2814f720 at 19a254a9c50>)
2024-12-29 20:30:19,873 - DEBUG - Release <POINTER(IUnknown) ptr=0x19a2817dc10 at 19a254a9dd0>
2024-12-29 20:30:19,873 - DEBUG - wrap_outparam(<POINTER(IDispatch) ptr=0x19a263267c0 at 19a254a9ed0>)
2024-12-29 20:30:19,873 - DEBUG - GetBestInterface(<POINTER(IDispatch) ptr=0x19a263267c0 at 19a254a9ed0>)
2024-12-29 20:30:19,873 - DEBUG - Does NOT implement IProvideClassInfo, trying IProvideClassInfo2
2024-12-29 20:30:19,873 - DEBUG - Does NOT implement IProvideClassInfo/IProvideClassInfo2
2024-12-29 20:30:19,874 - DEBUG - Release <POINTER(IUnknown) ptr=0x19a243646c0 at 19a254aa050>
2024-12-29 20:30:19,874 - DEBUG - Default interface is {C74A3ADC-B727-4500-A84A-B526721C8B8C}
2024-12-29 20:30:19,874 - DEBUG - Release <POINTER(IUnknown) ptr=0x19a263267c0 at 19a254aa250>
2024-12-29 20:30:19,875 - DEBUG - GetModule(TLIBATTR(GUID={C866CA3A-32F7-11D2-9602-00C04F8EE628}, Version=5.4, LCID=0, FLags=0x8))
2024-12-29 20:30:19,875 - DEBUG - Implements default interface from typeinfo <class 'comtypes.gen._C866CA3A_32F7_11D2_9602_00C04F8EE628_0_5_4.ISpeechObjectToken'>
2024-12-29 20:30:19,875 - DEBUG - Final result is <POINTER(ISpeechObjectToken) ptr=0x19a263267c0 at 19a254aa050>
2024-12-29 20:30:19,875 - DEBUG - Release <POINTER(IDispatch) ptr=0x19a263267c0 at 19a254aa150>
2024-12-29 20:30:19,875 - DEBUG - Release <POINTER(ITypeInfo) ptr=0x19a243646c0 at 19a254aa1d0>
2024-12-29 20:30:19,875 - DEBUG - Release <POINTER(ITypeLib) ptr=0x19a24184c60 at 19a254aa250>
2024-12-29 20:30:19,875 - DEBUG - Release <POINTER(IDispatch) ptr=0x19a263267c0 at 19a254a9ed0>
2024-12-29 20:30:19,876 - DEBUG - Release <POINTER(IEnumVARIANT) ptr=0x19a2817dc10 at 19a254a9d50>
2024-12-29 20:30:19,876 - DEBUG - Release <POINTER(ISpeechObjectTokens) ptr=0x19a2814f720 at 19a254a9c50>
2024-12-29 20:30:19,876 - DEBUG - Release <POINTER(ISpeechObjectToken) ptr=0x19a263267c0 at 19a254aa050>
2024-12-29 20:30:19,991 - INFO - Creating UI elements for first time
2024-12-29 20:30:20,910 - INFO - Scanning for working audio input devices...
2024-12-29 20:30:20,910 - INFO - Default input device: Microphone sur casque (Jabra EV
2024-12-29 20:30:21,046 - INFO - Default device working
2024-12-29 20:30:21,168 - INFO - Found working device: Mappeur de sons Microsoft - Input
2024-12-29 20:30:21,314 - INFO - Found working device: Mixage stéréo (Realtek(R) Audio
2024-12-29 20:30:21,402 - INFO - Found working device: Réseau de microphones (Technolo
2024-12-29 20:30:21,520 - INFO - Found working device: Pilote de capture audio principal
2024-12-29 20:30:21,639 - INFO - Found working device: Microphone sur casque (Jabra EVOLVE 30 II)
2024-12-29 20:30:21,694 - INFO - Found working device: Mixage stéréo (Realtek(R) Audio)
2024-12-29 20:30:21,786 - INFO - Found working device: Réseau de microphones (Technologie Intel® Smart Sound pour microphones numériques)
2024-12-29 20:30:21,787 - DEBUG - Skipping device 19: [Errno -9997] Invalid sample rate
2024-12-29 20:30:21,790 - DEBUG - Skipping device 20: [Errno -9997] Invalid sample rate
2024-12-29 20:30:21,791 - DEBUG - Skipping device 21: [Errno -9997] Invalid sample rate
2024-12-29 20:30:21,791 - DEBUG - Skipping device 22: [Errno -9999] Unanticipated host error
2024-12-29 20:30:21,791 - DEBUG - Skipping device 23: [Errno -9999] Unanticipated host error
2024-12-29 20:30:21,791 - DEBUG - Skipping device 24: [Errno -9999] Unanticipated host error
2024-12-29 20:30:21,791 - DEBUG - Skipping device 27: [Errno -9999] Unanticipated host error
2024-12-29 20:30:21,792 - DEBUG - Skipping device 31: [Errno -9999] Unanticipated host error
2024-12-29 20:30:21,792 - DEBUG - Skipping device 32: [Errno -9999] Unanticipated host error
2024-12-29 20:30:21,792 - DEBUG - Skipping device 33: [Errno -9999] Unanticipated host error
2024-12-29 20:30:21,792 - DEBUG - Skipping device 35: [Errno -9999] Unanticipated host error
2024-12-29 20:30:21,792 - DEBUG - Skipping device 38: [Errno -9999] Unanticipated host error
2024-12-29 20:30:21,792 - DEBUG - Skipping device 39: [Errno -9999] Unanticipated host error
2024-12-29 20:30:21,792 - DEBUG - Skipping device 42: [Errno -9999] Unanticipated host error
2024-12-29 20:30:21,792 - DEBUG - Skipping device 43: [Errno -9999] Unanticipated host error
2024-12-29 20:30:21,793 - DEBUG - Skipping device 44: [Errno -9999] Unanticipated host error
2024-12-29 20:30:21,793 - DEBUG - Skipping device 45: [Errno -9999] Unanticipated host error
2024-12-29 20:30:21,793 - INFO - Found 8 working microphone(s)
2024-12-29 20:30:21,820 - INFO - Scanning for working audio output devices...
2024-12-29 20:30:21,821 - INFO - Default output device: Casque pour téléphone (Jabra EV
2024-12-29 20:30:21,877 - INFO - Default output device working
2024-12-29 20:30:21,930 - INFO - Found working output device: Mappeur de sons Microsoft - Output
2024-12-29 20:30:22,003 - INFO - Found working output device: Haut-parleurs (Realtek(R) Audio
2024-12-29 20:30:24,045 - INFO - Found working output device: Casque (Oculus Virtual Audio De
2024-12-29 20:30:24,050 - INFO - Found working output device: Périphérique audio principal
2024-12-29 20:30:24,055 - INFO - Found working output device: Casque pour téléphone (Jabra EVOLVE 30 II)
2024-12-29 20:30:24,061 - INFO - Found working output device: Haut-parleurs (Realtek(R) Audio)
2024-12-29 20:30:24,067 - INFO - Found working output device: Casque (Oculus Virtual Audio Device)
2024-12-29 20:30:24,071 - DEBUG - Skipping output device 16: [Errno -9997] Invalid sample rate
2024-12-29 20:30:24,075 - DEBUG - Skipping output device 17: [Errno -9997] Invalid sample rate
2024-12-29 20:30:24,088 - DEBUG - Skipping output device 18: [Errno -9997] Invalid sample rate
2024-12-29 20:30:24,089 - DEBUG - Skipping output device 25: [Errno -9999] Unanticipated host error
2024-12-29 20:30:24,089 - DEBUG - Skipping output device 26: [Errno -9999] Unanticipated host error
2024-12-29 20:30:24,089 - DEBUG - Skipping output device 28: [Errno -9999] Unanticipated host error
2024-12-29 20:30:24,090 - DEBUG - Skipping output device 29: [Errno -9999] Unanticipated host error
2024-12-29 20:30:24,090 - DEBUG - Skipping output device 30: [Errno -9999] Unanticipated host error
2024-12-29 20:30:24,090 - DEBUG - Skipping output device 34: [Errno -9999] Unanticipated host error
2024-12-29 20:30:24,090 - DEBUG - Skipping output device 36: [Errno -9999] Unanticipated host error
2024-12-29 20:30:24,091 - DEBUG - Skipping output device 37: [Errno -9999] Unanticipated host error
2024-12-29 20:30:24,091 - DEBUG - Skipping output device 40: [Errno -9999] Unanticipated host error
2024-12-29 20:30:24,091 - DEBUG - Skipping output device 41: [Errno -9999] Unanticipated host error
2024-12-29 20:30:24,091 - INFO - Found 8 working output device(s)
2024-12-30 01:23:15,880 - INFO - Log file created at: C:\Users\conta\KinOS_missions\terminal_velocity\final_text\act3\AI_Assistant.log
2024-12-30 01:23:15,890 - DEBUG - CoInitializeEx(None, 2)
2024-12-30 01:23:15,931 - INFO - Imported existing <module 'comtypes.gen' from 'C:\\Python312\\Lib\\site-packages\\comtypes\\gen\\__init__.py'>
2024-12-30 01:23:15,931 - INFO - Using writeable comtypes cache directory: 'C:\Python312\Lib\site-packages\comtypes\gen'
2024-12-30 01:23:15,988 - DEBUG - SAPI.SPVoice -> {96749377-3391-11D2-9EE3-00C04F797396}
2024-12-30 01:23:15,989 - DEBUG - CoCreateInstance({96749377-3391-11D2-9EE3-00C04F797396}, clsctx=None, interface=None)
2024-12-30 01:23:15,996 - DEBUG - GetBestInterface(<POINTER(IUnknown) ptr=0x1a89b6bd5c0 at 1a8cebb44d0>)
2024-12-30 01:23:15,997 - DEBUG - Does implement IProvideClassInfo
2024-12-30 01:23:15,998 - DEBUG - Default interface is {269316D8-57BD-11D2-9EEE-00C04F797396}
2024-12-30 01:23:15,999 - DEBUG - Release <POINTER(IUnknown) ptr=0x1a89b6bd600 at 1a8cebb4950>
2024-12-30 01:23:16,000 - DEBUG - GetModule(TLIBATTR(GUID={C866CA3A-32F7-11D2-9602-00C04F8EE628}, Version=5.4, LCID=0, FLags=0x8))
2024-12-30 01:23:16,001 - DEBUG - Implements default interface from typeinfo <class 'comtypes.gen._C866CA3A_32F7_11D2_9602_00C04F8EE628_0_5_4.ISpeechVoice'>
2024-12-30 01:23:16,001 - DEBUG - Final result is <POINTER(ISpeechVoice) ptr=0x1a89b6bd600 at 1a8cebb4850>
2024-12-30 01:23:16,002 - DEBUG - Release <POINTER(IProvideClassInfo) ptr=0x1a89b6bd620 at 1a8cebb4550>
2024-12-30 01:23:16,002 - DEBUG - Release <POINTER(ITypeInfo) ptr=0x1a8cd90d688 at 1a8cebb45d0>
2024-12-30 01:23:16,002 - DEBUG - Release <POINTER(ITypeInfo) ptr=0x1a8cd90d6e0 at 1a8cebb46d0>
2024-12-30 01:23:16,002 - DEBUG - Release <POINTER(ITypeLib) ptr=0x1a8cd9de610 at 1a8cebb4950>
2024-12-30 01:23:16,002 - DEBUG - Release <POINTER(IUnknown) ptr=0x1a89b6bd5c0 at 1a8cebb44d0>
2024-12-30 01:23:16,003 - DEBUG - <POINTER(ISpeechVoice) ptr=0x1a89b6bd600 at 1a8cebb4850> using sinkinterface from clsid <class 'comtypes.gen._C866CA3A_32F7_11D2_9602_00C04F8EE628_0_5_4._ISpeechVoiceEvents'>
2024-12-30 01:23:16,003 - DEBUG - Release <POINTER(IProvideClassInfo2) ptr=0x1a89b6bd620 at 1a8cebb44d0>
2024-12-30 01:23:16,004 - DEBUG - <comtypes.client._events.CreateEventReceiver.<locals>.Sink object at 0x000001A8CEB90CE0>: _ISpeechVoiceEvents.VoiceChange not implemented
2024-12-30 01:23:16,004 - DEBUG - <comtypes.client._events.CreateEventReceiver.<locals>.Sink object at 0x000001A8CEB90CE0>: _ISpeechVoiceEvents.Bookmark not implemented
2024-12-30 01:23:16,004 - DEBUG - <comtypes.client._events.CreateEventReceiver.<locals>.Sink object at 0x000001A8CEB90CE0>: _ISpeechVoiceEvents.Word not implemented
2024-12-30 01:23:16,004 - DEBUG - <comtypes.client._events.CreateEventReceiver.<locals>.Sink object at 0x000001A8CEB90CE0>: _ISpeechVoiceEvents.Sentence not implemented
2024-12-30 01:23:16,004 - DEBUG - <comtypes.client._events.CreateEventReceiver.<locals>.Sink object at 0x000001A8CEB90CE0>: _ISpeechVoiceEvents.Phoneme not implemented
2024-12-30 01:23:16,005 - DEBUG - <comtypes.client._events.CreateEventReceiver.<locals>.Sink object at 0x000001A8CEB90CE0>: _ISpeechVoiceEvents.Viseme not implemented
2024-12-30 01:23:16,005 - DEBUG - <comtypes.client._events.CreateEventReceiver.<locals>.Sink object at 0x000001A8CEB90CE0>: _ISpeechVoiceEvents.AudioLevel not implemented
2024-12-30 01:23:16,005 - DEBUG - <comtypes.client._events.CreateEventReceiver.<locals>.Sink object at 0x000001A8CEB90CE0>: _ISpeechVoiceEvents.EnginePrivate not implemented
2024-12-30 01:23:16,005 - DEBUG - Start advise <class 'comtypes.gen._C866CA3A_32F7_11D2_9602_00C04F8EE628_0_5_4._ISpeechVoiceEvents'>
2024-12-30 01:23:16,005 - DEBUG - <comtypes.client._events.CreateEventReceiver.<locals>.Sink object at 0x000001A8CEB90CE0>.QueryInterface({A372ACD1-3BEF-4BBD-8FFB-CB3E2B416AF8}) -> S_OK
2024-12-30 01:23:16,005 - DEBUG - 1 active COM objects: Added   <comtypes.client._events.CreateEventReceiver.<locals>.Sink object at 0x000001A8CEB90CE0>
2024-12-30 01:23:16,006 - DEBUG - <comtypes.client._events.CreateEventReceiver.<locals>.Sink object at 0x000001A8CEB90CE0>.AddRef() -> 1
2024-12-30 01:23:16,010 - DEBUG - Release <POINTER(IConnectionPointContainer) ptr=0x1a89b6bd628 at 1a8cebb5bd0>
2024-12-30 01:23:16,055 - DEBUG - wrap_outparam(<POINTER(ISpeechObjectToken) ptr=0x1a89b6be260 at 1a8cebb5bd0>)
2024-12-30 01:23:16,055 - DEBUG - Release <POINTER(ISpeechObjectToken) ptr=0x1a89b6be260 at 1a8cebb5bd0>
2024-12-30 01:23:16,056 - DEBUG - wrap_outparam(<POINTER(ISpeechObjectTokens) ptr=0x1a8d197dff0 at 1a8cebb5bd0>)
2024-12-30 01:23:16,056 - DEBUG - Release <POINTER(IUnknown) ptr=0x1a8d19ac700 at 1a8cebb5d50>
2024-12-30 01:23:16,056 - DEBUG - wrap_outparam(<POINTER(IDispatch) ptr=0x1a8cf9c37f0 at 1a8cebb5e50>)
2024-12-30 01:23:16,056 - DEBUG - GetBestInterface(<POINTER(IDispatch) ptr=0x1a8cf9c37f0 at 1a8cebb5e50>)
2024-12-30 01:23:16,057 - DEBUG - Does NOT implement IProvideClassInfo, trying IProvideClassInfo2
2024-12-30 01:23:16,057 - DEBUG - Does NOT implement IProvideClassInfo/IProvideClassInfo2
2024-12-30 01:23:16,059 - DEBUG - Release <POINTER(IUnknown) ptr=0x1a8cd90d790 at 1a8cebb5fd0>
2024-12-30 01:23:16,059 - DEBUG - Default interface is {C74A3ADC-B727-4500-A84A-B526721C8B8C}
2024-12-30 01:23:16,059 - DEBUG - Release <POINTER(IUnknown) ptr=0x1a8cf9c37f0 at 1a8cebb61d0>
2024-12-30 01:23:16,060 - DEBUG - GetModule(TLIBATTR(GUID={C866CA3A-32F7-11D2-9602-00C04F8EE628}, Version=5.4, LCID=0, FLags=0x8))
2024-12-30 01:23:16,060 - DEBUG - Implements default interface from typeinfo <class 'comtypes.gen._C866CA3A_32F7_11D2_9602_00C04F8EE628_0_5_4.ISpeechObjectToken'>
2024-12-30 01:23:16,060 - DEBUG - Final result is <POINTER(ISpeechObjectToken) ptr=0x1a8cf9c37f0 at 1a8cebb5fd0>
2024-12-30 01:23:16,060 - DEBUG - Release <POINTER(IDispatch) ptr=0x1a8cf9c37f0 at 1a8cebb60d0>
2024-12-30 01:23:16,060 - DEBUG - Release <POINTER(ITypeInfo) ptr=0x1a8cd90d790 at 1a8cebb6150>
2024-12-30 01:23:16,061 - DEBUG - Release <POINTER(ITypeLib) ptr=0x1a8cd9de610 at 1a8cebb61d0>
2024-12-30 01:23:16,061 - DEBUG - Release <POINTER(IDispatch) ptr=0x1a8cf9c37f0 at 1a8cebb5e50>
2024-12-30 01:23:16,061 - DEBUG - Release <POINTER(IEnumVARIANT) ptr=0x1a8d19ac700 at 1a8cebb5cd0>
2024-12-30 01:23:16,061 - DEBUG - Release <POINTER(ISpeechObjectTokens) ptr=0x1a8d197dff0 at 1a8cebb5bd0>
2024-12-30 01:23:16,061 - DEBUG - Release <POINTER(ISpeechObjectToken) ptr=0x1a8cf9c37f0 at 1a8cebb5fd0>
2024-12-30 01:23:16,144 - INFO - Creating UI elements for first time
2024-12-30 01:23:16,885 - INFO - Scanning for working audio input devices...
2024-12-30 01:23:16,886 - INFO - Default input device: Microphone sur casque (Jabra EV
2024-12-30 01:23:16,917 - INFO - Default device working
2024-12-30 01:23:16,944 - INFO - Found working device: Mappeur de sons Microsoft - Input
2024-12-30 01:23:17,273 - INFO - Found working device: Mixage stéréo (Realtek(R) Audio
2024-12-30 01:23:17,368 - INFO - Found working device: Réseau de microphones (Technolo
2024-12-30 01:23:17,392 - INFO - Found working device: Pilote de capture audio principal
2024-12-30 01:23:17,417 - INFO - Found working device: Microphone sur casque (Jabra EVOLVE 30 II)
2024-12-30 01:23:17,463 - INFO - Found working device: Mixage stéréo (Realtek(R) Audio)
2024-12-30 01:23:17,558 - INFO - Found working device: Réseau de microphones (Technologie Intel® Smart Sound pour microphones numériques)
2024-12-30 01:23:17,559 - DEBUG - Skipping device 19: [Errno -9997] Invalid sample rate
2024-12-30 01:23:17,562 - DEBUG - Skipping device 20: [Errno -9997] Invalid sample rate
2024-12-30 01:23:17,563 - DEBUG - Skipping device 21: [Errno -9997] Invalid sample rate
2024-12-30 01:23:17,563 - DEBUG - Skipping device 22: [Errno -9999] Unanticipated host error
2024-12-30 01:23:17,563 - DEBUG - Skipping device 23: [Errno -9999] Unanticipated host error
2024-12-30 01:23:17,564 - DEBUG - Skipping device 24: [Errno -9999] Unanticipated host error
2024-12-30 01:23:17,564 - DEBUG - Skipping device 27: [Errno -9999] Unanticipated host error
2024-12-30 01:23:17,564 - DEBUG - Skipping device 31: [Errno -9999] Unanticipated host error
2024-12-30 01:23:17,564 - DEBUG - Skipping device 32: [Errno -9999] Unanticipated host error
2024-12-30 01:23:17,564 - DEBUG - Skipping device 33: [Errno -9999] Unanticipated host error
2024-12-30 01:23:17,565 - DEBUG - Skipping device 35: [Errno -9999] Unanticipated host error
2024-12-30 01:23:17,565 - DEBUG - Skipping device 38: [Errno -9999] Unanticipated host error
2024-12-30 01:23:17,566 - DEBUG - Skipping device 39: [Errno -9999] Unanticipated host error
2024-12-30 01:23:17,566 - DEBUG - Skipping device 42: [Errno -9999] Unanticipated host error
2024-12-30 01:23:17,567 - DEBUG - Skipping device 43: [Errno -9999] Unanticipated host error
2024-12-30 01:23:17,567 - DEBUG - Skipping device 44: [Errno -9999] Unanticipated host error
2024-12-30 01:23:17,568 - DEBUG - Skipping device 45: [Errno -9999] Unanticipated host error
2024-12-30 01:23:17,568 - INFO - Found 8 working microphone(s)
2024-12-30 01:23:17,597 - INFO - Scanning for working audio output devices...
2024-12-30 01:23:17,597 - INFO - Default output device: Casque pour téléphone (Jabra EV
2024-12-30 01:23:17,643 - INFO - Default output device working
2024-12-30 01:23:17,684 - INFO - Found working output device: Mappeur de sons Microsoft - Output
2024-12-30 01:23:17,758 - INFO - Found working output device: Haut-parleurs (Realtek(R) Audio
2024-12-30 01:23:19,796 - INFO - Found working output device: Casque (Oculus Virtual Audio De
2024-12-30 01:23:19,807 - INFO - Found working output device: Périphérique audio principal
2024-12-30 01:23:19,815 - INFO - Found working output device: Casque pour téléphone (Jabra EVOLVE 30 II)
2024-12-30 01:23:19,819 - INFO - Found working output device: Haut-parleurs (Realtek(R) Audio)
2024-12-30 01:23:19,825 - INFO - Found working output device: Casque (Oculus Virtual Audio Device)
2024-12-30 01:23:19,830 - DEBUG - Skipping output device 16: [Errno -9997] Invalid sample rate
2024-12-30 01:23:19,834 - DEBUG - Skipping output device 17: [Errno -9997] Invalid sample rate
2024-12-30 01:23:19,840 - DEBUG - Skipping output device 18: [Errno -9997] Invalid sample rate
2024-12-30 01:23:19,840 - DEBUG - Skipping output device 25: [Errno -9999] Unanticipated host error
2024-12-30 01:23:19,840 - DEBUG - Skipping output device 26: [Errno -9999] Unanticipated host error
2024-12-30 01:23:19,840 - DEBUG - Skipping output device 28: [Errno -9999] Unanticipated host error
2024-12-30 01:23:19,841 - DEBUG - Skipping output device 29: [Errno -9999] Unanticipated host error
2024-12-30 01:23:19,841 - DEBUG - Skipping output device 30: [Errno -9999] Unanticipated host error
2024-12-30 01:23:19,841 - DEBUG - Skipping output device 34: [Errno -9999] Unanticipated host error
2024-12-30 01:23:19,841 - DEBUG - Skipping output device 36: [Errno -9999] Unanticipated host error
2024-12-30 01:23:19,841 - DEBUG - Skipping output device 37: [Errno -9999] Unanticipated host error
2024-12-30 01:23:19,842 - DEBUG - Skipping output device 40: [Errno -9999] Unanticipated host error
2024-12-30 01:23:19,843 - DEBUG - Skipping output device 41: [Errno -9999] Unanticipated host error
2024-12-30 01:23:19,843 - INFO - Found 8 working output device(s)
2024-12-30 01:34:45,520 - INFO - Log file created at: C:\Users\conta\KinOS_missions\terminal_velocity\final_text\act3\AI_Assistant.log
2024-12-30 01:34:45,529 - DEBUG - CoInitializeEx(None, 2)
2024-12-30 01:34:45,563 - INFO - Imported existing <module 'comtypes.gen' from 'C:\\Python312\\Lib\\site-packages\\comtypes\\gen\\__init__.py'>
2024-12-30 01:34:45,563 - INFO - Using writeable comtypes cache directory: 'C:\Python312\Lib\site-packages\comtypes\gen'
2024-12-30 01:34:45,614 - DEBUG - SAPI.SPVoice -> {96749377-3391-11D2-9EE3-00C04F797396}
2024-12-30 01:34:45,614 - DEBUG - CoCreateInstance({96749377-3391-11D2-9EE3-00C04F797396}, clsctx=None, interface=None)
2024-12-30 01:34:45,624 - DEBUG - GetBestInterface(<POINTER(IUnknown) ptr=0x189358ad5c0 at 18968d644d0>)
2024-12-30 01:34:45,624 - DEBUG - Does implement IProvideClassInfo
2024-12-30 01:34:45,626 - DEBUG - Default interface is {269316D8-57BD-11D2-9EEE-00C04F797396}
2024-12-30 01:34:45,626 - DEBUG - Release <POINTER(IUnknown) ptr=0x189358ad600 at 18968d64950>
2024-12-30 01:34:45,626 - DEBUG - GetModule(TLIBATTR(GUID={C866CA3A-32F7-11D2-9602-00C04F8EE628}, Version=5.4, LCID=0, FLags=0x8))
2024-12-30 01:34:45,627 - DEBUG - Implements default interface from typeinfo <class 'comtypes.gen._C866CA3A_32F7_11D2_9602_00C04F8EE628_0_5_4.ISpeechVoice'>
2024-12-30 01:34:45,627 - DEBUG - Final result is <POINTER(ISpeechVoice) ptr=0x189358ad600 at 18968d64850>
2024-12-30 01:34:45,627 - DEBUG - Release <POINTER(IProvideClassInfo) ptr=0x189358ad620 at 18968d64550>
2024-12-30 01:34:45,628 - DEBUG - Release <POINTER(ITypeInfo) ptr=0x18967b68048 at 18968d645d0>
2024-12-30 01:34:45,628 - DEBUG - Release <POINTER(ITypeInfo) ptr=0x18967b680a0 at 18968d646d0>
2024-12-30 01:34:45,628 - DEBUG - Release <POINTER(ITypeLib) ptr=0x189678ecb50 at 18968d64950>
2024-12-30 01:34:45,628 - DEBUG - Release <POINTER(IUnknown) ptr=0x189358ad5c0 at 18968d644d0>
2024-12-30 01:34:45,629 - DEBUG - <POINTER(ISpeechVoice) ptr=0x189358ad600 at 18968d64850> using sinkinterface from clsid <class 'comtypes.gen._C866CA3A_32F7_11D2_9602_00C04F8EE628_0_5_4._ISpeechVoiceEvents'>
2024-12-30 01:34:45,629 - DEBUG - Release <POINTER(IProvideClassInfo2) ptr=0x189358ad620 at 18968d644d0>
2024-12-30 01:34:45,630 - DEBUG - <comtypes.client._events.CreateEventReceiver.<locals>.Sink object at 0x0000018968D3CEF0>: _ISpeechVoiceEvents.VoiceChange not implemented
2024-12-30 01:34:45,630 - DEBUG - <comtypes.client._events.CreateEventReceiver.<locals>.Sink object at 0x0000018968D3CEF0>: _ISpeechVoiceEvents.Bookmark not implemented
2024-12-30 01:34:45,630 - DEBUG - <comtypes.client._events.CreateEventReceiver.<locals>.Sink object at 0x0000018968D3CEF0>: _ISpeechVoiceEvents.Word not implemented
2024-12-30 01:34:45,630 - DEBUG - <comtypes.client._events.CreateEventReceiver.<locals>.Sink object at 0x0000018968D3CEF0>: _ISpeechVoiceEvents.Sentence not implemented
2024-12-30 01:34:45,631 - DEBUG - <comtypes.client._events.CreateEventReceiver.<locals>.Sink object at 0x0000018968D3CEF0>: _ISpeechVoiceEvents.Phoneme not implemented
2024-12-30 01:34:45,631 - DEBUG - <comtypes.client._events.CreateEventReceiver.<locals>.Sink object at 0x0000018968D3CEF0>: _ISpeechVoiceEvents.Viseme not implemented
2024-12-30 01:34:45,631 - DEBUG - <comtypes.client._events.CreateEventReceiver.<locals>.Sink object at 0x0000018968D3CEF0>: _ISpeechVoiceEvents.AudioLevel not implemented
2024-12-30 01:34:45,631 - DEBUG - <comtypes.client._events.CreateEventReceiver.<locals>.Sink object at 0x0000018968D3CEF0>: _ISpeechVoiceEvents.EnginePrivate not implemented
2024-12-30 01:34:45,631 - DEBUG - Start advise <class 'comtypes.gen._C866CA3A_32F7_11D2_9602_00C04F8EE628_0_5_4._ISpeechVoiceEvents'>
2024-12-30 01:34:45,632 - DEBUG - <comtypes.client._events.CreateEventReceiver.<locals>.Sink object at 0x0000018968D3CEF0>.QueryInterface({A372ACD1-3BEF-4BBD-8FFB-CB3E2B416AF8}) -> S_OK
2024-12-30 01:34:45,632 - DEBUG - 1 active COM objects: Added   <comtypes.client._events.CreateEventReceiver.<locals>.Sink object at 0x0000018968D3CEF0>
2024-12-30 01:34:45,632 - DEBUG - <comtypes.client._events.CreateEventReceiver.<locals>.Sink object at 0x0000018968D3CEF0>.AddRef() -> 1
2024-12-30 01:34:45,635 - DEBUG - Release <POINTER(IConnectionPointContainer) ptr=0x189358ad628 at 18968d65bd0>
2024-12-30 01:34:45,679 - DEBUG - wrap_outparam(<POINTER(ISpeechObjectToken) ptr=0x189358ae260 at 18968d65bd0>)
2024-12-30 01:34:45,680 - DEBUG - Release <POINTER(ISpeechObjectToken) ptr=0x189358ae260 at 18968d65bd0>
2024-12-30 01:34:45,681 - DEBUG - wrap_outparam(<POINTER(ISpeechObjectTokens) ptr=0x1896b9cf370 at 18968d65bd0>)
2024-12-30 01:34:45,681 - DEBUG - Release <POINTER(IUnknown) ptr=0x1896b9fcbe0 at 18968d65d50>
2024-12-30 01:34:45,682 - DEBUG - wrap_outparam(<POINTER(IDispatch) ptr=0x18969b72b00 at 18968d65e50>)
2024-12-30 01:34:45,682 - DEBUG - GetBestInterface(<POINTER(IDispatch) ptr=0x18969b72b00 at 18968d65e50>)
2024-12-30 01:34:45,682 - DEBUG - Does NOT implement IProvideClassInfo, trying IProvideClassInfo2
2024-12-30 01:34:45,683 - DEBUG - Does NOT implement IProvideClassInfo/IProvideClassInfo2
2024-12-30 01:34:45,683 - DEBUG - Release <POINTER(IUnknown) ptr=0x18967b68150 at 18968d65fd0>
2024-12-30 01:34:45,684 - DEBUG - Default interface is {C74A3ADC-B727-4500-A84A-B526721C8B8C}
2024-12-30 01:34:45,684 - DEBUG - Release <POINTER(IUnknown) ptr=0x18969b72b00 at 18968d661d0>
2024-12-30 01:34:45,684 - DEBUG - GetModule(TLIBATTR(GUID={C866CA3A-32F7-11D2-9602-00C04F8EE628}, Version=5.4, LCID=0, FLags=0x8))
2024-12-30 01:34:45,684 - DEBUG - Implements default interface from typeinfo <class 'comtypes.gen._C866CA3A_32F7_11D2_9602_00C04F8EE628_0_5_4.ISpeechObjectToken'>
2024-12-30 01:34:45,685 - DEBUG - Final result is <POINTER(ISpeechObjectToken) ptr=0x18969b72b00 at 18968d65fd0>
2024-12-30 01:34:45,685 - DEBUG - Release <POINTER(IDispatch) ptr=0x18969b72b00 at 18968d660d0>
2024-12-30 01:34:45,685 - DEBUG - Release <POINTER(ITypeInfo) ptr=0x18967b68150 at 18968d66150>
2024-12-30 01:34:45,685 - DEBUG - Release <POINTER(ITypeLib) ptr=0x189678ecb50 at 18968d661d0>
2024-12-30 01:34:45,685 - DEBUG - Release <POINTER(IDispatch) ptr=0x18969b72b00 at 18968d65e50>
2024-12-30 01:34:45,685 - DEBUG - Release <POINTER(IEnumVARIANT) ptr=0x1896b9fcbe0 at 18968d65cd0>
2024-12-30 01:34:45,686 - DEBUG - Release <POINTER(ISpeechObjectTokens) ptr=0x1896b9cf370 at 18968d65bd0>
2024-12-30 01:34:45,686 - DEBUG - Release <POINTER(ISpeechObjectToken) ptr=0x18969b72b00 at 18968d65fd0>
2024-12-30 01:34:45,769 - INFO - Creating UI elements for first time
2024-12-30 01:34:46,525 - INFO - Scanning for working audio input devices...
2024-12-30 01:34:46,525 - INFO - Default input device: Microphone sur casque (Jabra EV
2024-12-30 01:34:46,553 - INFO - Default device working
2024-12-30 01:34:46,579 - INFO - Found working device: Mappeur de sons Microsoft - Input
2024-12-30 01:34:46,906 - INFO - Found working device: Mixage stéréo (Realtek(R) Audio
2024-12-30 01:34:47,004 - INFO - Found working device: Réseau de microphones (Technolo
2024-12-30 01:34:47,034 - INFO - Found working device: Pilote de capture audio principal
2024-12-30 01:34:47,068 - INFO - Found working device: Microphone sur casque (Jabra EVOLVE 30 II)
2024-12-30 01:34:47,119 - INFO - Found working device: Mixage stéréo (Realtek(R) Audio)
2024-12-30 01:34:47,218 - INFO - Found working device: Réseau de microphones (Technologie Intel® Smart Sound pour microphones numériques)
2024-12-30 01:34:47,219 - DEBUG - Skipping device 19: [Errno -9997] Invalid sample rate
2024-12-30 01:34:47,222 - DEBUG - Skipping device 20: [Errno -9997] Invalid sample rate
2024-12-30 01:34:47,223 - DEBUG - Skipping device 21: [Errno -9997] Invalid sample rate
2024-12-30 01:34:47,223 - DEBUG - Skipping device 22: [Errno -9999] Unanticipated host error
2024-12-30 01:34:47,223 - DEBUG - Skipping device 23: [Errno -9999] Unanticipated host error
2024-12-30 01:34:47,224 - DEBUG - Skipping device 24: [Errno -9999] Unanticipated host error
2024-12-30 01:34:47,224 - DEBUG - Skipping device 27: [Errno -9999] Unanticipated host error
2024-12-30 01:34:47,224 - DEBUG - Skipping device 31: [Errno -9999] Unanticipated host error
2024-12-30 01:34:47,224 - DEBUG - Skipping device 32: [Errno -9999] Unanticipated host error
2024-12-30 01:34:47,225 - DEBUG - Skipping device 33: [Errno -9999] Unanticipated host error
2024-12-30 01:34:47,225 - DEBUG - Skipping device 35: [Errno -9999] Unanticipated host error
2024-12-30 01:34:47,225 - DEBUG - Skipping device 38: [Errno -9999] Unanticipated host error
2024-12-30 01:34:47,226 - DEBUG - Skipping device 39: [Errno -9999] Unanticipated host error
2024-12-30 01:34:47,226 - DEBUG - Skipping device 42: [Errno -9999] Unanticipated host error
2024-12-30 01:34:47,226 - DEBUG - Skipping device 43: [Errno -9999] Unanticipated host error
2024-12-30 01:34:47,226 - DEBUG - Skipping device 44: [Errno -9999] Unanticipated host error
2024-12-30 01:34:47,226 - DEBUG - Skipping device 45: [Errno -9999] Unanticipated host error
2024-12-30 01:34:47,226 - INFO - Found 8 working microphone(s)
2024-12-30 01:34:47,262 - INFO - Scanning for working audio output devices...
2024-12-30 01:34:47,262 - INFO - Default output device: Casque pour téléphone (Jabra EV
2024-12-30 01:34:47,309 - INFO - Default output device working
2024-12-30 01:34:47,351 - INFO - Found working output device: Mappeur de sons Microsoft - Output
2024-12-30 01:34:47,422 - INFO - Found working output device: Haut-parleurs (Realtek(R) Audio
2024-12-30 01:34:49,460 - INFO - Found working output device: Casque (Oculus Virtual Audio De
2024-12-30 01:34:49,465 - INFO - Found working output device: Périphérique audio principal
2024-12-30 01:34:49,471 - INFO - Found working output device: Casque pour téléphone (Jabra EVOLVE 30 II)
2024-12-30 01:34:49,476 - INFO - Found working output device: Haut-parleurs (Realtek(R) Audio)
2024-12-30 01:34:49,484 - INFO - Found working output device: Casque (Oculus Virtual Audio Device)
2024-12-30 01:34:49,487 - DEBUG - Skipping output device 16: [Errno -9997] Invalid sample rate
2024-12-30 01:34:49,491 - DEBUG - Skipping output device 17: [Errno -9997] Invalid sample rate
2024-12-30 01:34:49,495 - DEBUG - Skipping output device 18: [Errno -9997] Invalid sample rate
2024-12-30 01:34:49,496 - DEBUG - Skipping output device 25: [Errno -9999] Unanticipated host error
2024-12-30 01:34:49,496 - DEBUG - Skipping output device 26: [Errno -9999] Unanticipated host error
2024-12-30 01:34:49,496 - DEBUG - Skipping output device 28: [Errno -9999] Unanticipated host error
2024-12-30 01:34:49,496 - DEBUG - Skipping output device 29: [Errno -9999] Unanticipated host error
2024-12-30 01:34:49,496 - DEBUG - Skipping output device 30: [Errno -9999] Unanticipated host error
2024-12-30 01:34:49,496 - DEBUG - Skipping output device 34: [Errno -9999] Unanticipated host error
2024-12-30 01:34:49,496 - DEBUG - Skipping output device 36: [Errno -9999] Unanticipated host error
2024-12-30 01:34:49,497 - DEBUG - Skipping output device 37: [Errno -9999] Unanticipated host error
2024-12-30 01:34:49,497 - DEBUG - Skipping output device 40: [Errno -9999] Unanticipated host error
2024-12-30 01:34:49,497 - DEBUG - Skipping output device 41: [Errno -9999] Unanticipated host error
2024-12-30 01:34:49,497 - INFO - Found 8 working output device(s)
